  [1m[35m (1.6ms)[0m  [1m[35mCREATE TABLE "schema_migrations" ("version" varchar NOT NULL PRIMARY KEY)[0m
  [1m[35m (0.2ms)[0m  [1m[35mCREATE TABLE "ar_internal_metadata" ("key" varchar NOT NULL PRIMARY KEY, "value" varchar, "created_at" datetime(6) NOT NULL, "updated_at" datetime(6) NOT NULL)[0m
  [1m[36mActiveRecord::InternalMetadata Load (0.2ms)[0m  [1m[34mSELECT * FROM "ar_internal_metadata" WHERE "ar_internal_metadata"."key" = ? ORDER BY "ar_internal_metadata"."key" ASC LIMIT 1[0m  [[nil, "environment"]]
  [1m[36mActiveRecord::InternalMetadata Create (0.2ms)[0m  [1m[32mINSERT INTO "ar_internal_metadata" ("key", "value", "created_at", "updated_at") VALUES ('environment', 'development', '2025-07-06 09:16:42.565032', '2025-07-06 09:16:42.565035') RETURNING "key"[0m
  [1m[36mActiveRecord::SchemaMigration Load (0.1ms)[0m  [1m[34mSELECT "schema_migrations"."version" FROM "schema_migrations" ORDER BY "schema_migrations"."version" ASC[0m
Migrating to CreateUsers (1)
  [1m[36mTRANSACTION (0.1ms)[0m  [1m[36mBEGIN immediate TRANSACTION[0m
  [1m[35m (0.5ms)[0m  [1m[35mCREATE TABLE "users" ("id" integer PRIMARY KEY AUTOINCREMENT NOT NULL, "email" varchar NOT NULL, "password_digest" varchar NOT NULL, "admin" boolean DEFAULT 0, "created_at" datetime(6) NOT NULL, "updated_at" datetime(6) NOT NULL)[0m
  [1m[35m (0.1ms)[0m  [1m[35mCREATE UNIQUE INDEX "index_users_on_email" ON "users" ("email")[0m
  [1m[36mActiveRecord::SchemaMigration Create (0.1ms)[0m  [1m[32mINSERT INTO "schema_migrations" ("version") VALUES ('1') RETURNING "version"[0m
  [1m[36mTRANSACTION (0.1ms)[0m  [1m[36mCOMMIT TRANSACTION[0m
Migrating to CreateAuthors (2)
  [1m[36mTRANSACTION (0.1ms)[0m  [1m[36mBEGIN immediate TRANSACTION[0m
  [1m[35m (0.6ms)[0m  [1m[35mCREATE TABLE "authors" ("id" integer PRIMARY KEY AUTOINCREMENT NOT NULL, "given_name" varchar, "family_name" varchar, "created_at" datetime(6) NOT NULL, "updated_at" datetime(6) NOT NULL)[0m
  [1m[36mActiveRecord::SchemaMigration Create (0.1ms)[0m  [1m[32mINSERT INTO "schema_migrations" ("version") VALUES ('2') RETURNING "version"[0m
  [1m[36mTRANSACTION (0.1ms)[0m  [1m[36mCOMMIT TRANSACTION[0m
Migrating to CreateBooks (3)
  [1m[36mTRANSACTION (0.1ms)[0m  [1m[36mBEGIN immediate TRANSACTION[0m
  [1m[35m (0.5ms)[0m  [1m[35mCREATE TABLE "books" ("id" integer PRIMARY KEY AUTOINCREMENT NOT NULL, "title" varchar NOT NULL, "publisher" varchar, "year" integer, "edition" integer, "isbn" varchar, "author_id" integer, "created_at" datetime(6) NOT NULL, "updated_at" datetime(6) NOT NULL, CONSTRAINT "fk_rails_53d51ce16a"
FOREIGN KEY ("author_id")
  REFERENCES "authors" ("id")
)[0m
  [1m[35m (0.1ms)[0m  [1m[35mCREATE INDEX "index_books_on_author_id" ON "books" ("author_id")[0m
  [1m[36mActiveRecord::SchemaMigration Create (0.1ms)[0m  [1m[32mINSERT INTO "schema_migrations" ("version") VALUES ('3') RETURNING "version"[0m
  [1m[36mTRANSACTION (0.1ms)[0m  [1m[36mCOMMIT TRANSACTION[0m
Migrating to CreateCopies (4)
  [1m[36mTRANSACTION (0.1ms)[0m  [1m[36mBEGIN immediate TRANSACTION[0m
  [1m[35m (0.3ms)[0m  [1m[35mCREATE TABLE "copies" ("id" integer PRIMARY KEY AUTOINCREMENT NOT NULL, "book_id" integer, "signature" varchar, "acquired_at" date, "borrowed_at" date, "due_at" date, "returned_at" date, "reserved_by" varchar, "created_at" datetime(6) NOT NULL, "updated_at" datetime(6) NOT NULL, CONSTRAINT "fk_rails_6d66d5af8b"
FOREIGN KEY ("book_id")
  REFERENCES "books" ("id")
)[0m
  [1m[35m (0.1ms)[0m  [1m[35mCREATE INDEX "index_copies_on_book_id" ON "copies" ("book_id")[0m
  [1m[36mActiveRecord::SchemaMigration Create (0.1ms)[0m  [1m[32mINSERT INTO "schema_migrations" ("version") VALUES ('4') RETURNING "version"[0m
  [1m[36mTRANSACTION (0.1ms)[0m  [1m[36mCOMMIT TRANSACTION[0m
  [1m[36mActiveRecord::SchemaMigration Load (0.0ms)[0m  [1m[34mSELECT "schema_migrations"."version" FROM "schema_migrations" ORDER BY "schema_migrations"."version" ASC[0m
  [1m[36mActiveRecord::SchemaMigration Load (0.0ms)[0m  [1m[34mSELECT "schema_migrations"."version" FROM "schema_migrations" ORDER BY "schema_migrations"."version" ASC[0m
  [1m[36mActiveRecord::InternalMetadata Load (0.2ms)[0m  [1m[34mSELECT * FROM "ar_internal_metadata" WHERE "ar_internal_metadata"."key" = ? ORDER BY "ar_internal_metadata"."key" ASC LIMIT 1[0m  [[nil, "environment"]]
  [1m[36mActiveRecord::SchemaMigration Load (0.1ms)[0m  [1m[34mSELECT "schema_migrations"."version" FROM "schema_migrations" ORDER BY "schema_migrations"."version" ASC[0m
  [1m[36mActiveRecord::SchemaMigration Load (0.0ms)[0m  [1m[34mSELECT "schema_migrations"."version" FROM "schema_migrations" ORDER BY "schema_migrations"."version" ASC[0m
  [1m[36mActiveRecord::SchemaMigration Load (0.2ms)[0m  [1m[34mSELECT "schema_migrations"."version" FROM "schema_migrations" ORDER BY "schema_migrations"."version" ASC[0m
  [1m[36mActiveRecord::SchemaMigration Load (0.2ms)[0m  [1m[34mSELECT "schema_migrations"."version" FROM "schema_migrations" ORDER BY "schema_migrations"."version" ASC[0m
  [1m[36mActiveRecord::SchemaMigration Load (0.3ms)[0m  [1m[34mSELECT "schema_migrations"."version" FROM "schema_migrations" ORDER BY "schema_migrations"."version" ASC[0m
  [1m[36mTRANSACTION (0.1ms)[0m  [1m[36mBEGIN immediate TRANSACTION[0m
  [1m[36mUser Exists? (0.4ms)[0m  [1m[34mSELECT 1 AS one FROM "users" WHERE "users"."email" = ? LIMIT ?[0m  [["email", "admin@example.com"], ["LIMIT", 1]]
  [1m[36mUser Create (0.2ms)[0m  [1m[32mINSERT INTO "users" ("email", "password_digest", "admin", "created_at", "updated_at") VALUES (?, ?, ?, ?, ?) RETURNING "id"[0m  [["email", "admin@example.com"], ["password_digest", "$2a$12$LJSE8LUN0MJAAG7B57UIDeAXTovOMbWAuUc4FDli21bjXISXxn4Cm"], ["admin", 1], ["created_at", "2025-07-06 09:28:50.129183"], ["updated_at", "2025-07-06 09:28:50.129183"]]
  [1m[36mTRANSACTION (1.3ms)[0m  [1m[36mCOMMIT TRANSACTION[0m
  [1m[36mTRANSACTION (0.1ms)[0m  [1m[36mBEGIN immediate TRANSACTION[0m
  [1m[36mUser Exists? (0.4ms)[0m  [1m[34mSELECT 1 AS one FROM "users" WHERE "users"."email" = ? LIMIT ?[0m  [["email", "user@example.com"], ["LIMIT", 1]]
  [1m[36mUser Create (0.1ms)[0m  [1m[32mINSERT INTO "users" ("email", "password_digest", "admin", "created_at", "updated_at") VALUES (?, ?, ?, ?, ?) RETURNING "id"[0m  [["email", "user@example.com"], ["password_digest", "$2a$12$XNOcylvb25lNzjcGHKa28.TKC1Hn6D1POP/KkeP.5rethVrYMTj.S"], ["admin", 0], ["created_at", "2025-07-06 09:28:50.325975"], ["updated_at", "2025-07-06 09:28:50.325975"]]
  [1m[36mTRANSACTION (0.2ms)[0m  [1m[36mCOMMIT TRANSACTION[0m
  [1m[36mTRANSACTION (0.1ms)[0m  [1m[36mBEGIN immediate TRANSACTION[0m
  [1m[36mAuthor Create (0.4ms)[0m  [1m[32mINSERT INTO "authors" ("given_name", "family_name", "created_at", "updated_at") VALUES (?, ?, ?, ?) RETURNING "id"[0m  [["given_name", "Max"], ["family_name", "Mustermann"], ["created_at", "2025-07-06 09:28:50.340429"], ["updated_at", "2025-07-06 09:28:50.340429"]]
  [1m[36mTRANSACTION (0.1ms)[0m  [1m[36mCOMMIT TRANSACTION[0m
  [1m[36mTRANSACTION (0.0ms)[0m  [1m[36mBEGIN immediate TRANSACTION[0m
  [1m[36mAuthor Create (0.2ms)[0m  [1m[32mINSERT INTO "authors" ("given_name", "family_name", "created_at", "updated_at") VALUES (?, ?, ?, ?) RETURNING "id"[0m  [["given_name", "Lisa"], ["family_name", "Meier"], ["created_at", "2025-07-06 09:28:50.342112"], ["updated_at", "2025-07-06 09:28:50.342112"]]
  [1m[36mTRANSACTION (0.1ms)[0m  [1m[36mCOMMIT TRANSACTION[0m
  [1m[36mTRANSACTION (0.1ms)[0m  [1m[36mBEGIN immediate TRANSACTION[0m
  [1m[36mBook Create (0.5ms)[0m  [1m[32mINSERT INTO "books" ("title", "publisher", "year", "edition", "isbn", "author_id", "created_at", "updated_at") VALUES (?, ?, ?, ?, ?, ?, ?, ?) RETURNING "id"[0m  [["title", "Rails 5"], ["publisher", "The Pragmatic Bookshelf"], ["year", 2020], ["edition", 2], ["isbn", "1-234-56789-0"], ["author_id", 1], ["created_at", "2025-07-06 09:28:50.383309"], ["updated_at", "2025-07-06 09:28:50.383309"]]
  [1m[36mTRANSACTION (0.1ms)[0m  [1m[36mCOMMIT TRANSACTION[0m
  [1m[36mTRANSACTION (0.1ms)[0m  [1m[36mBEGIN immediate TRANSACTION[0m
  [1m[36mBook Create (0.3ms)[0m  [1m[32mINSERT INTO "books" ("title", "publisher", "year", "edition", "isbn", "author_id", "created_at", "updated_at") VALUES (?, ?, ?, ?, ?, ?, ?, ?) RETURNING "id"[0m  [["title", "Rails 6"], ["publisher", "The Pragmatic Bookshelf"], ["year", 2021], ["edition", 1], ["isbn", "1-234-56791-1"], ["author_id", 2], ["created_at", "2025-07-06 09:28:50.385435"], ["updated_at", "2025-07-06 09:28:50.385435"]]
  [1m[36mTRANSACTION (0.1ms)[0m  [1m[36mCOMMIT TRANSACTION[0m
  [1m[36mTRANSACTION (0.1ms)[0m  [1m[36mBEGIN immediate TRANSACTION[0m
  [1m[36mCopy Create (0.5ms)[0m  [1m[32mINSERT INTO "copies" ("book_id", "signature", "acquired_at", "borrowed_at", "due_at", "returned_at", "reserved_by", "created_at", "updated_at") VALUES (?, ?, ?, ?, ?, ?, ?, ?, ?) RETURNING "id"[0m  [["book_id", 1], ["signature", "IT-WBA-1"], ["acquired_at", "2025-07-06"], ["borrowed_at", nil], ["due_at", nil], ["returned_at", nil], ["reserved_by", nil], ["created_at", "2025-07-06 09:28:50.412462"], ["updated_at", "2025-07-06 09:28:50.412462"]]
  [1m[36mTRANSACTION (0.1ms)[0m  [1m[36mCOMMIT TRANSACTION[0m
  [1m[36mTRANSACTION (0.1ms)[0m  [1m[36mBEGIN immediate TRANSACTION[0m
  [1m[36mCopy Create (0.3ms)[0m  [1m[32mINSERT INTO "copies" ("book_id", "signature", "acquired_at", "borrowed_at", "due_at", "returned_at", "reserved_by", "created_at", "updated_at") VALUES (?, ?, ?, ?, ?, ?, ?, ?, ?) RETURNING "id"[0m  [["book_id", 2], ["signature", "IT-WBA-2"], ["acquired_at", "2025-07-06"], ["borrowed_at", nil], ["due_at", nil], ["returned_at", nil], ["reserved_by", nil], ["created_at", "2025-07-06 09:28:50.415064"], ["updated_at", "2025-07-06 09:28:50.415064"]]
  [1m[36mTRANSACTION (0.1ms)[0m  [1m[36mCOMMIT TRANSACTION[0m
  [1m[36mUser Count (0.3ms)[0m  [1m[34mSELECT COUNT(*) FROM "users"[0m
  [1m[36mAuthor Count (0.1ms)[0m  [1m[34mSELECT COUNT(*) FROM "authors"[0m
  [1m[36mBook Count (0.1ms)[0m  [1m[34mSELECT COUNT(*) FROM "books"[0m
  [1m[36mCopy Count (0.1ms)[0m  [1m[34mSELECT COUNT(*) FROM "copies"[0m
